app/build/intermediates/manifest_merge_blame_file/debug/processDebugMainManifest/manifest-merger-blame-debug-report.txt
1<?xml version="1.0" encoding="utf-8"?>
2<manifest xmlns:android="http://schemas.android.com/apk/res/android"
3    package="sdk.kasookoo.ai"
4    android:versionCode="1"
5    android:versionName="1.0" >
6
7    <uses-sdk
8        android:minSdkVersion="24"
9        android:targetSdkVersion="34" />
10
11    <!-- Required permissions for calling -->
12    <uses-permission android:name="android.permission.INTERNET" />
12-->src\main\AndroidManifest.xml:6:5-67
12-->src\main\AndroidManifest.xml:6:22-64
13    <uses-permission android:name="android.permission.RECORD_AUDIO" />
13-->src\main\AndroidManifest.xml:7:5-71
13-->src\main\AndroidManifest.xml:7:22-68
14    <uses-permission android:name="android.permission.CAMERA" />
14-->src\main\AndroidManifest.xml:8:5-65
14-->src\main\AndroidManifest.xml:8:22-62
15    <uses-permission android:name="android.permission.MODIFY_AUDIO_SETTINGS" />
15-->src\main\AndroidManifest.xml:9:5-80
15-->src\main\AndroidManifest.xml:9:22-77
16    <uses-permission android:name="android.permission.ACCESS_NETWORK_STATE" />
16-->src\main\AndroidManifest.xml:10:5-79
16-->src\main\AndroidManifest.xml:10:22-76
17    <uses-permission android:name="android.permission.WAKE_LOCK" />
17-->src\main\AndroidManifest.xml:11:5-68
17-->src\main\AndroidManifest.xml:11:22-65
18    <uses-permission android:name="android.permission.FOREGROUND_SERVICE" />
18-->src\main\AndroidManifest.xml:12:5-77
18-->src\main\AndroidManifest.xml:12:22-74
19    <uses-permission android:name="android.permission.POST_NOTIFICATIONS" />
19-->src\main\AndroidManifest.xml:13:5-77
19-->src\main\AndroidManifest.xml:13:22-74
20    <uses-permission android:name="android.permission.USE_FULL_SCREEN_INTENT" />
20-->src\main\AndroidManifest.xml:14:5-81
20-->src\main\AndroidManifest.xml:14:22-78
21    <uses-permission android:name="android.permission.SYSTEM_ALERT_WINDOW" />
21-->src\main\AndroidManifest.xml:15:5-78
21-->src\main\AndroidManifest.xml:15:22-75
22    <uses-permission android:name="android.permission.VIBRATE" />
22-->src\main\AndroidManifest.xml:16:5-66
22-->src\main\AndroidManifest.xml:16:22-63
23
24    <!-- Hardware features -->
25    <uses-feature
25-->src\main\AndroidManifest.xml:19:5-85
26        android:name="android.hardware.camera"
26-->src\main\AndroidManifest.xml:19:19-57
27        android:required="false" />
27-->src\main\AndroidManifest.xml:19:58-82
28    <uses-feature
28-->src\main\AndroidManifest.xml:20:5-88
29        android:name="android.hardware.microphone"
29-->src\main\AndroidManifest.xml:20:19-61
30        android:required="true" />
30-->src\main\AndroidManifest.xml:20:62-85
31
32    <!-- Required by older versions of Google Play services to create IID tokens -->
33    <uses-permission android:name="com.google.android.c2dm.permission.RECEIVE" />
33-->[com.google.firebase:firebase-messaging:23.2.0] AndroidManifest.xml:28:5-82
33-->[com.google.firebase:firebase-messaging:23.2.0] AndroidManifest.xml:28:22-79
34
35    <permission
35-->[androidx.core:core:1.10.1] AndroidManifest.xml:22:5-24:47
36        android:name="sdk.kasookoo.ai.DYNAMIC_RECEIVER_NOT_EXPORTED_PERMISSION"
36-->[androidx.core:core:1.10.1] AndroidManifest.xml:23:9-81
37        android:protectionLevel="signature" />
37-->[androidx.core:core:1.10.1] AndroidManifest.xml:24:9-44
38
39    <uses-permission android:name="sdk.kasookoo.ai.DYNAMIC_RECEIVER_NOT_EXPORTED_PERMISSION" />
39-->[androidx.core:core:1.10.1] AndroidManifest.xml:26:5-97
39-->[androidx.core:core:1.10.1] AndroidManifest.xml:26:22-94
40    <uses-permission
40-->[com.github.davidliu:audioswitch:89582c47c9a04c62f90aa5e57251af4800a62c9a] AndroidManifest.xml:9:5-11:38
41        android:name="android.permission.BLUETOOTH"
41-->[com.github.davidliu:audioswitch:89582c47c9a04c62f90aa5e57251af4800a62c9a] AndroidManifest.xml:10:9-52
42        android:maxSdkVersion="30" />
42-->[com.github.davidliu:audioswitch:89582c47c9a04c62f90aa5e57251af4800a62c9a] AndroidManifest.xml:11:9-35
43
44    <application
44-->src\main\AndroidManifest.xml:22:5-98:19
45        android:name="sdk.kasookoo.ai.CallApplication"
45-->src\main\AndroidManifest.xml:23:9-40
46        android:allowBackup="true"
46-->src\main\AndroidManifest.xml:24:9-35
47        android:appComponentFactory="androidx.core.app.CoreComponentFactory"
47-->[androidx.core:core:1.10.1] AndroidManifest.xml:28:18-86
48        android:dataExtractionRules="@xml/data_extraction_rules"
48-->src\main\AndroidManifest.xml:25:9-65
49        android:debuggable="true"
50        android:extractNativeLibs="false"
51        android:fullBackupContent="@xml/backup_rules"
51-->src\main\AndroidManifest.xml:26:9-54
52        android:icon="@mipmap/ic_launcher"
52-->src\main\AndroidManifest.xml:27:9-43
53        android:label="@string/app_name"
53-->src\main\AndroidManifest.xml:28:9-41
54        android:roundIcon="@mipmap/ic_launcher_round"
54-->src\main\AndroidManifest.xml:29:9-54
55        android:supportsRtl="true"
55-->src\main\AndroidManifest.xml:30:9-35
56        android:theme="@style/Theme.CallKotlin" >
56-->src\main\AndroidManifest.xml:31:9-48
57
58        <!-- User Selection Activity -->
59        <activity
59-->src\main\AndroidManifest.xml:35:9-43:20
60            android:name="sdk.kasookoo.ai.ui.UserSelectionActivity"
60-->src\main\AndroidManifest.xml:36:13-53
61            android:exported="true"
61-->src\main\AndroidManifest.xml:37:13-36
62            android:theme="@style/Theme.CallKotlin" >
62-->src\main\AndroidManifest.xml:38:13-52
63            <intent-filter>
63-->src\main\AndroidManifest.xml:39:13-42:29
64                <action android:name="android.intent.action.MAIN" />
64-->src\main\AndroidManifest.xml:40:17-69
64-->src\main\AndroidManifest.xml:40:25-66
65
66                <category android:name="android.intent.category.LAUNCHER" />
66-->src\main\AndroidManifest.xml:41:17-77
66-->src\main\AndroidManifest.xml:41:27-74
67            </intent-filter>
68        </activity>
69
70        <!-- Registration Activity -->
71        <activity
71-->src\main\AndroidManifest.xml:46:9-49:55
72            android:name="sdk.kasookoo.ai.ui.RegistrationActivity"
72-->src\main\AndroidManifest.xml:47:13-52
73            android:exported="false"
73-->src\main\AndroidManifest.xml:48:13-37
74            android:theme="@style/Theme.CallKotlin" />
74-->src\main\AndroidManifest.xml:49:13-52
75
76        <!-- Login Activity -->
77        <activity
77-->src\main\AndroidManifest.xml:52:9-55:55
78            android:name="sdk.kasookoo.ai.ui.LoginActivity"
78-->src\main\AndroidManifest.xml:53:13-45
79            android:exported="false"
79-->src\main\AndroidManifest.xml:54:13-37
80            android:theme="@style/Theme.CallKotlin" />
80-->src\main\AndroidManifest.xml:55:13-52
81
82        <!-- Main Activity -->
83        <activity
83-->src\main\AndroidManifest.xml:58:9-61:55
84            android:name="sdk.kasookoo.ai.ui.MainActivity"
84-->src\main\AndroidManifest.xml:59:13-44
85            android:exported="false"
85-->src\main\AndroidManifest.xml:60:13-37
86            android:theme="@style/Theme.CallKotlin" />
86-->src\main\AndroidManifest.xml:61:13-52
87
88        <!-- Ringing Activity -->
89        <activity
89-->src\main\AndroidManifest.xml:64:9-70:55
90            android:name="sdk.kasookoo.ai.ui.RingingActivity"
90-->src\main\AndroidManifest.xml:65:13-47
91            android:exported="false"
91-->src\main\AndroidManifest.xml:66:13-37
92            android:launchMode="singleTop"
92-->src\main\AndroidManifest.xml:69:13-43
93            android:showOnLockScreen="true"
93-->src\main\AndroidManifest.xml:67:13-44
94            android:theme="@style/Theme.CallKotlin"
94-->src\main\AndroidManifest.xml:70:13-52
95            android:turnScreenOn="true" />
95-->src\main\AndroidManifest.xml:68:13-40
96
97        <!-- Call Activity -->
98        <activity
98-->src\main\AndroidManifest.xml:73:9-76:55
99            android:name="sdk.kasookoo.ai.ui.CallActivity"
99-->src\main\AndroidManifest.xml:74:13-44
100            android:exported="false"
100-->src\main\AndroidManifest.xml:75:13-37
101            android:theme="@style/Theme.CallKotlin" />
101-->src\main\AndroidManifest.xml:76:13-52
102
103        <!-- Call History Activity -->
104        <activity
104-->src\main\AndroidManifest.xml:79:9-82:55
105            android:name="sdk.kasookoo.ai.ui.CallHistoryActivity"
105-->src\main\AndroidManifest.xml:80:13-51
106            android:exported="false"
106-->src\main\AndroidManifest.xml:81:13-37
107            android:theme="@style/Theme.CallKotlin" />
107-->src\main\AndroidManifest.xml:82:13-52
108
109        <!-- Call Action Receiver -->
110        <receiver
110-->src\main\AndroidManifest.xml:85:9-87:40
111            android:name="sdk.kasookoo.ai.service.CallActionReceiver"
111-->src\main\AndroidManifest.xml:86:13-55
112            android:exported="false" />
112-->src\main\AndroidManifest.xml:87:13-37
113
114        <!-- Firebase Messaging Service -->
115        <service
115-->src\main\AndroidManifest.xml:90:9-96:19
116            android:name="sdk.kasookoo.ai.service.KasookooFirebaseMessagingService"
116-->src\main\AndroidManifest.xml:91:13-69
117            android:exported="false" >
117-->src\main\AndroidManifest.xml:92:13-37
118            <intent-filter>
118-->src\main\AndroidManifest.xml:93:13-95:29
119                <action android:name="com.google.firebase.MESSAGING_EVENT" />
119-->src\main\AndroidManifest.xml:94:17-78
119-->src\main\AndroidManifest.xml:94:25-75
120            </intent-filter>
121        </service>
122        <service
122-->[com.google.firebase:firebase-messaging-ktx:23.2.0] AndroidManifest.xml:25:9-31:19
123            android:name="com.google.firebase.components.ComponentDiscoveryService"
123-->[com.google.firebase:firebase-messaging-ktx:23.2.0] AndroidManifest.xml:26:13-84
124            android:directBootAware="true"
124-->[com.google.firebase:firebase-common:20.3.3] AndroidManifest.xml:34:13-43
125            android:exported="false" >
125-->[com.google.firebase:firebase-messaging-ktx:23.2.0] AndroidManifest.xml:27:13-37
126            <meta-data
126-->[com.google.firebase:firebase-messaging-ktx:23.2.0] AndroidManifest.xml:28:13-30:85
127                android:name="com.google.firebase.components:com.google.firebase.messaging.ktx.FirebaseMessagingKtxRegistrar"
127-->[com.google.firebase:firebase-messaging-ktx:23.2.0] AndroidManifest.xml:29:17-126
128                android:value="com.google.firebase.components.ComponentRegistrar" />
128-->[com.google.firebase:firebase-messaging-ktx:23.2.0] AndroidManifest.xml:30:17-82
129            <meta-data
129-->[com.google.firebase:firebase-common-ktx:20.3.3] AndroidManifest.xml:14:13-16:85
130                android:name="com.google.firebase.components:com.google.firebase.ktx.FirebaseCommonKtxRegistrar"
130-->[com.google.firebase:firebase-common-ktx:20.3.3] AndroidManifest.xml:15:17-113
131                android:value="com.google.firebase.components.ComponentRegistrar" />
131-->[com.google.firebase:firebase-common-ktx:20.3.3] AndroidManifest.xml:16:17-82
132            <meta-data
132-->[com.google.firebase:firebase-messaging:23.2.0] AndroidManifest.xml:55:13-57:85
133                android:name="com.google.firebase.components:com.google.firebase.messaging.FirebaseMessagingRegistrar"
133-->[com.google.firebase:firebase-messaging:23.2.0] AndroidManifest.xml:56:17-119
134                android:value="com.google.firebase.components.ComponentRegistrar" />
134-->[com.google.firebase:firebase-messaging:23.2.0] AndroidManifest.xml:57:17-82
135            <meta-data
135-->[com.google.firebase:firebase-datatransport:18.1.7] AndroidManifest.xml:27:13-29:85
136                android:name="com.google.firebase.components:com.google.firebase.datatransport.TransportRegistrar"
136-->[com.google.firebase:firebase-datatransport:18.1.7] AndroidManifest.xml:28:17-115
137                android:value="com.google.firebase.components.ComponentRegistrar" />
137-->[com.google.firebase:firebase-datatransport:18.1.7] AndroidManifest.xml:29:17-82
138            <meta-data
138-->[com.google.firebase:firebase-installations:17.1.3] AndroidManifest.xml:17:13-19:85
139                android:name="com.google.firebase.components:com.google.firebase.installations.FirebaseInstallationsRegistrar"
139-->[com.google.firebase:firebase-installations:17.1.3] AndroidManifest.xml:18:17-127
140                android:value="com.google.firebase.components.ComponentRegistrar" />
140-->[com.google.firebase:firebase-installations:17.1.3] AndroidManifest.xml:19:17-82
141        </service>
142
143        <receiver
143-->[com.google.firebase:firebase-messaging:23.2.0] AndroidManifest.xml:31:9-38:20
144            android:name="com.google.firebase.iid.FirebaseInstanceIdReceiver"
144-->[com.google.firebase:firebase-messaging:23.2.0] AndroidManifest.xml:32:13-78
145            android:exported="true"
145-->[com.google.firebase:firebase-messaging:23.2.0] AndroidManifest.xml:33:13-36
146            android:permission="com.google.android.c2dm.permission.SEND" >
146-->[com.google.firebase:firebase-messaging:23.2.0] AndroidManifest.xml:34:13-73
147            <intent-filter>
147-->[com.google.firebase:firebase-messaging:23.2.0] AndroidManifest.xml:35:13-37:29
148                <action android:name="com.google.android.c2dm.intent.RECEIVE" />
148-->[com.google.firebase:firebase-messaging:23.2.0] AndroidManifest.xml:36:17-81
148-->[com.google.firebase:firebase-messaging:23.2.0] AndroidManifest.xml:36:25-78
149            </intent-filter>
150        </receiver>
151        <!--
152             FirebaseMessagingService performs security checks at runtime,
153             but set to not exported to explicitly avoid allowing another app to call it.
154        -->
155        <service
155-->[com.google.firebase:firebase-messaging:23.2.0] AndroidManifest.xml:44:9-51:19
156            android:name="com.google.firebase.messaging.FirebaseMessagingService"
156-->[com.google.firebase:firebase-messaging:23.2.0] AndroidManifest.xml:45:13-82
157            android:directBootAware="true"
157-->[com.google.firebase:firebase-messaging:23.2.0] AndroidManifest.xml:46:13-43
158            android:exported="false" >
158-->[com.google.firebase:firebase-messaging:23.2.0] AndroidManifest.xml:47:13-37
159            <intent-filter android:priority="-500" >
159-->src\main\AndroidManifest.xml:93:13-95:29
160                <action android:name="com.google.firebase.MESSAGING_EVENT" />
160-->src\main\AndroidManifest.xml:94:17-78
160-->src\main\AndroidManifest.xml:94:25-75
161            </intent-filter>
162        </service>
163
164        <provider
164-->[com.google.firebase:firebase-common:20.3.3] AndroidManifest.xml:25:9-30:39
165            android:name="com.google.firebase.provider.FirebaseInitProvider"
165-->[com.google.firebase:firebase-common:20.3.3] AndroidManifest.xml:26:13-77
166            android:authorities="sdk.kasookoo.ai.firebaseinitprovider"
166-->[com.google.firebase:firebase-common:20.3.3] AndroidManifest.xml:27:13-72
167            android:directBootAware="true"
167-->[com.google.firebase:firebase-common:20.3.3] AndroidManifest.xml:28:13-43
168            android:exported="false"
168-->[com.google.firebase:firebase-common:20.3.3] AndroidManifest.xml:29:13-37
169            android:initOrder="100" />
169-->[com.google.firebase:firebase-common:20.3.3] AndroidManifest.xml:30:13-36
170
171        <service
171-->[io.livekit:livekit-android:1.5.0] AndroidManifest.xml:29:9-33:43
172            android:name="io.livekit.android.room.track.screencapture.ScreenCaptureService"
172-->[io.livekit:livekit-android:1.5.0] AndroidManifest.xml:30:13-92
173            android:enabled="true"
173-->[io.livekit:livekit-android:1.5.0] AndroidManifest.xml:31:13-35
174            android:foregroundServiceType="mediaProjection"
174-->[io.livekit:livekit-android:1.5.0] AndroidManifest.xml:32:13-60
175            android:stopWithTask="true" />
175-->[io.livekit:livekit-android:1.5.0] AndroidManifest.xml:33:13-40
176
177        <activity
177-->[com.google.android.gms:play-services-base:18.0.1] AndroidManifest.xml:20:9-22:45
178            android:name="com.google.android.gms.common.api.GoogleApiActivity"
178-->[com.google.android.gms:play-services-base:18.0.1] AndroidManifest.xml:20:19-85
179            android:exported="false"
179-->[com.google.android.gms:play-services-base:18.0.1] AndroidManifest.xml:22:19-43
180            android:theme="@android:style/Theme.Translucent.NoTitleBar" />
180-->[com.google.android.gms:play-services-base:18.0.1] AndroidManifest.xml:21:19-78
181
182        <meta-data
182-->[com.google.android.gms:play-services-basement:18.1.0] AndroidManifest.xml:21:9-23:69
183            android:name="com.google.android.gms.version"
183-->[com.google.android.gms:play-services-basement:18.1.0] AndroidManifest.xml:22:13-58
184            android:value="@integer/google_play_services_version" />
184-->[com.google.android.gms:play-services-basement:18.1.0] AndroidManifest.xml:23:13-66
185
186        <provider
186-->[androidx.emoji2:emoji2:1.2.0] AndroidManifest.xml:24:9-32:20
187            android:name="androidx.startup.InitializationProvider"
187-->[androidx.emoji2:emoji2:1.2.0] AndroidManifest.xml:25:13-67
188            android:authorities="sdk.kasookoo.ai.androidx-startup"
188-->[androidx.emoji2:emoji2:1.2.0] AndroidManifest.xml:26:13-68
189            android:exported="false" >
189-->[androidx.emoji2:emoji2:1.2.0] AndroidManifest.xml:27:13-37
190            <meta-data
190-->[androidx.emoji2:emoji2:1.2.0] AndroidManifest.xml:29:13-31:52
191                android:name="androidx.emoji2.text.EmojiCompatInitializer"
191-->[androidx.emoji2:emoji2:1.2.0] AndroidManifest.xml:30:17-75
192                android:value="androidx.startup" />
192-->[androidx.emoji2:emoji2:1.2.0] AndroidManifest.xml:31:17-49
193            <meta-data
193-->[androidx.lifecycle:lifecycle-process:2.6.1] AndroidManifest.xml:29:13-31:52
194                android:name="androidx.lifecycle.ProcessLifecycleInitializer"
194-->[androidx.lifecycle:lifecycle-process:2.6.1] AndroidManifest.xml:30:17-78
195                android:value="androidx.startup" />
195-->[androidx.lifecycle:lifecycle-process:2.6.1] AndroidManifest.xml:31:17-49
196            <meta-data
196-->[androidx.profileinstaller:profileinstaller:1.3.0] AndroidManifest.xml:29:13-31:52
197                android:name="androidx.profileinstaller.ProfileInstallerInitializer"
197-->[androidx.profileinstaller:profileinstaller:1.3.0] AndroidManifest.xml:30:17-85
198                android:value="androidx.startup" />
198-->[androidx.profileinstaller:profileinstaller:1.3.0] AndroidManifest.xml:31:17-49
199        </provider>
200
201        <service
201-->[com.google.android.datatransport:transport-backend-cct:3.1.8] AndroidManifest.xml:28:9-34:19
202            android:name="com.google.android.datatransport.runtime.backends.TransportBackendDiscovery"
202-->[com.google.android.datatransport:transport-backend-cct:3.1.8] AndroidManifest.xml:29:13-103
203            android:exported="false" >
203-->[com.google.android.datatransport:transport-backend-cct:3.1.8] AndroidManifest.xml:30:13-37
204            <meta-data
204-->[com.google.android.datatransport:transport-backend-cct:3.1.8] AndroidManifest.xml:31:13-33:39
205                android:name="backend:com.google.android.datatransport.cct.CctBackendFactory"
205-->[com.google.android.datatransport:transport-backend-cct:3.1.8] AndroidManifest.xml:32:17-94
206                android:value="cct" />
206-->[com.google.android.datatransport:transport-backend-cct:3.1.8] AndroidManifest.xml:33:17-36
207        </service>
208        <service
208-->[com.google.android.datatransport:transport-runtime:3.1.8] AndroidManifest.xml:26:9-30:19
209            android:name="com.google.android.datatransport.runtime.scheduling.jobscheduling.JobInfoSchedulerService"
209-->[com.google.android.datatransport:transport-runtime:3.1.8] AndroidManifest.xml:27:13-117
210            android:exported="false"
210-->[com.google.android.datatransport:transport-runtime:3.1.8] AndroidManifest.xml:28:13-37
211            android:permission="android.permission.BIND_JOB_SERVICE" >
211-->[com.google.android.datatransport:transport-runtime:3.1.8] AndroidManifest.xml:29:13-69
212        </service>
213
214        <receiver
214-->[com.google.android.datatransport:transport-runtime:3.1.8] AndroidManifest.xml:32:9-34:40
215            android:name="com.google.android.datatransport.runtime.scheduling.jobscheduling.AlarmManagerSchedulerBroadcastReceiver"
215-->[com.google.android.datatransport:transport-runtime:3.1.8] AndroidManifest.xml:33:13-132
216            android:exported="false" />
216-->[com.google.android.datatransport:transport-runtime:3.1.8] AndroidManifest.xml:34:13-37
217        <receiver
217-->[androidx.profileinstaller:profileinstaller:1.3.0] AndroidManifest.xml:34:9-52:20
218            android:name="androidx.profileinstaller.ProfileInstallReceiver"
218-->[androidx.profileinstaller:profileinstaller:1.3.0] AndroidManifest.xml:35:13-76
219            android:directBootAware="false"
219-->[androidx.profileinstaller:profileinstaller:1.3.0] AndroidManifest.xml:36:13-44
220            android:enabled="true"
220-->[androidx.profileinstaller:profileinstaller:1.3.0] AndroidManifest.xml:37:13-35
221            android:exported="true"
221-->[androidx.profileinstaller:profileinstaller:1.3.0] AndroidManifest.xml:38:13-36
222            android:permission="android.permission.DUMP" >
222-->[androidx.profileinstaller:profileinstaller:1.3.0] AndroidManifest.xml:39:13-57
223            <intent-filter>
223-->[androidx.profileinstaller:profileinstaller:1.3.0] AndroidManifest.xml:40:13-42:29
224                <action android:name="androidx.profileinstaller.action.INSTALL_PROFILE" />
224-->[androidx.profileinstaller:profileinstaller:1.3.0] AndroidManifest.xml:41:17-91
224-->[androidx.profileinstaller:profileinstaller:1.3.0] AndroidManifest.xml:41:25-88
225            </intent-filter>
226            <intent-filter>
226-->[androidx.profileinstaller:profileinstaller:1.3.0] AndroidManifest.xml:43:13-45:29
227                <action android:name="androidx.profileinstaller.action.SKIP_FILE" />
227-->[androidx.profileinstaller:profileinstaller:1.3.0] AndroidManifest.xml:44:17-85
227-->[androidx.profileinstaller:profileinstaller:1.3.0] AndroidManifest.xml:44:25-82
228            </intent-filter>
229            <intent-filter>
229-->[androidx.profileinstaller:profileinstaller:1.3.0] AndroidManifest.xml:46:13-48:29
230                <action android:name="androidx.profileinstaller.action.SAVE_PROFILE" />
230-->[androidx.profileinstaller:profileinstaller:1.3.0] AndroidManifest.xml:47:17-88
230-->[androidx.profileinstaller:profileinstaller:1.3.0] AndroidManifest.xml:47:25-85
231            </intent-filter>
232            <intent-filter>
232-->[androidx.profileinstaller:profileinstaller:1.3.0] AndroidManifest.xml:49:13-51:29
233                <action android:name="androidx.profileinstaller.action.BENCHMARK_OPERATION" />
233-->[androidx.profileinstaller:profileinstaller:1.3.0] AndroidManifest.xml:50:17-95
233-->[androidx.profileinstaller:profileinstaller:1.3.0] AndroidManifest.xml:50:25-92
234            </intent-filter>
235        </receiver>
236    </application>
237
238</manifest>